<?xml version="1.0" encoding="UTF-8"?>
<testng-results skipped="0" failed="0" total="1" passed="1">
  <reporter-output>
  </reporter-output>
  <suite name="Default suite" duration-ms="37030" started-at="2017-09-28T07:36:25Z" finished-at="2017-09-28T07:37:02Z">
    <groups>
    </groups>
    <test name="Default test" duration-ms="37030" started-at="2017-09-28T07:36:25Z" finished-at="2017-09-28T07:37:02Z">
      <class name="messenger.android.MainApp">
        <test-method status="PASS" signature="connection()[pri:0, instance:messenger.android.MainApp@1593948d]" name="connection" is-config="true" duration-ms="7482" started-at="2017-09-28T00:36:25Z" finished-at="2017-09-28T00:36:32Z">
          <reporter-output>
          </reporter-output>
        </test-method> <!-- connection -->
        <test-method status="PASS" signature="tabGroups()[pri:0, instance:messenger.android.MainApp@1593948d]" name="tabGroups" duration-ms="26934" started-at="2017-09-28T00:36:32Z" finished-at="2017-09-28T00:36:59Z">
          <reporter-output>
          </reporter-output>
        </test-method> <!-- tabGroups -->
        <test-method status="PASS" signature="end()[pri:0, instance:messenger.android.MainApp@1593948d]" name="end" is-config="true" duration-ms="2599" started-at="2017-09-28T00:36:59Z" finished-at="2017-09-28T00:37:02Z">
          <reporter-output>
          </reporter-output>
        </test-method> <!-- end -->
      </class> <!-- messenger.android.MainApp -->
    </test> <!-- Default test -->
  </suite> <!-- Default suite -->
</testng-results>
